# JRE version: Java(TM) SE Runtime Environment (7.0_51-b13) (build 1.7.0_51-b13)
# Java VM: Java HotSpot(TM) 64-Bit Server VM (24.51-b03 mixed mode linux-amd64 compressed oops)
Heap
 PSYoungGen      total 11264K, used 7529K [0x00000000f6600000, 0x00000000f7800000, 0x0000000100000000)
  eden space 8192K, 57% used [0x00000000f6600000,0x00000000f6aa2520,0x00000000f6e00000)
  from space 3072K, 90% used [0x00000000f7500000,0x00000000f77b8000,0x00000000f7800000)
  to   space 5120K, 0% used [0x00000000f6e00000,0x00000000f6e00000,0x00000000f7300000)
 ParOldGen       total 19456K, used 12520K [0x00000000e3200000, 0x00000000e4500000, 0x00000000f6600000)
  object space 19456K, 64% used [0x00000000e3200000,0x00000000e3e3a3d8,0x00000000e4500000)
 PSPermGen       total 23040K, used 22584K [0x00000000de000000, 0x00000000df680000, 0x00000000e3200000)
  object space 23040K, 98% used [0x00000000de000000,0x00000000df60e2b0,0x00000000df680000)
GC Heap History (10 events):
Event: 13,195 GC heap before
{Heap before GC invocations=6 (full 0):
 PSYoungGen      total 9216K, used 9202K [0x00000000f6600000, 0x00000000f7e00000, 0x0000000100000000)
  eden space 8192K, 100% used [0x00000000f6600000,0x00000000f6e00000,0x00000000f6e00000)
  from space 1024K, 98% used [0x00000000f6e00000,0x00000000f6efc9f0,0x00000000f6f00000)
  to   space 4096K, 0% used [0x00000000f7a00000,0x00000000f7a00000,0x00000000f7e00000)
 ParOldGen       total 19456K, used 7947K [0x00000000e3200000, 0x00000000e4500000, 0x00000000f6600000)
  object space 19456K, 40% used [0x00000000e3200000,0x00000000e39c2e00,0x00000000e4500000)
 PSPermGen       total 22528K, used 22137K [0x00000000de000000, 0x00000000df600000, 0x00000000e3200000)
  object space 22528K, 98% used [0x00000000de000000,0x00000000df59e430,0x00000000df600000)
Event: 13,210 GC heap after
Heap after GC invocations=6 (full 0):
 PSYoungGen      total 11776K, used 3449K [0x00000000f6600000, 0x00000000f7d80000, 0x0000000100000000)
  eden space 8192K, 0% used [0x00000000f6600000,0x00000000f6600000,0x00000000f6e00000)
  from space 3584K, 96% used [0x00000000f7a00000,0x00000000f7d5e6c8,0x00000000f7d80000)
  to   space 4096K, 0% used [0x00000000f7580000,0x00000000f7580000,0x00000000f7980000)
 ParOldGen       total 19456K, used 7947K [0x00000000e3200000, 0x00000000e4500000, 0x00000000f6600000)
  object space 19456K, 40% used [0x00000000e3200000,0x00000000e39c2e00,0x00000000e4500000)
 PSPermGen       total 22528K, used 22137K [0x00000000de000000, 0x00000000df600000, 0x00000000e3200000)
  object space 22528K, 98% used [0x00000000de000000,0x00000000df59e430,0x00000000df600000)
}
Event: 23,341 GC heap before
{Heap before GC invocations=7 (full 0):
 PSYoungGen      total 11776K, used 11641K [0x00000000f6600000, 0x00000000f7d80000, 0x0000000100000000)
  eden space 8192K, 100% used [0x00000000f6600000,0x00000000f6e00000,0x00000000f6e00000)
  from space 3584K, 96% used [0x00000000f7a00000,0x00000000f7d5e6c8,0x00000000f7d80000)
  to   space 4096K, 0% used [0x00000000f7580000,0x00000000f7580000,0x00000000f7980000)
 ParOldGen       total 19456K, used 7947K [0x00000000e3200000, 0x00000000e4500000, 0x00000000f6600000)
  object space 19456K, 40% used [0x00000000e3200000,0x00000000e39c2e00,0x00000000e4500000)
 PSPermGen       total 22528K, used 22256K [0x00000000de000000, 0x00000000df600000, 0x00000000e3200000)
  object space 22528K, 98% used [0x00000000de000000,0x00000000df5bc190,0x00000000df600000)
Event: 23,366 GC heap after
Heap after GC invocations=7 (full 0):
 PSYoungGen      total 12288K, used 3929K [0x00000000f6600000, 0x00000000f7a80000, 0x0000000100000000)
  eden space 8192K, 0% used [0x00000000f6600000,0x00000000f6600000,0x00000000f6e00000)
  from space 4096K, 95% used [0x00000000f7580000,0x00000000f79566e8,0x00000000f7980000)
  to   space 1024K, 0% used [0x00000000f7980000,0x00000000f7980000,0x00000000f7a80000)
 ParOldGen       total 19456K, used 8235K [0x00000000e3200000, 0x00000000e4500000, 0x00000000f6600000)
  object space 19456K, 42% used [0x00000000e3200000,0x00000000e3a0ae20,0x00000000e4500000)
 PSPermGen       total 22528K, used 22256K [0x00000000de000000, 0x00000000df600000, 0x00000000e3200000)
  object space 22528K, 98% used [0x00000000de000000,0x00000000df5bc190,0x00000000df600000)
}
Event: 31,099 GC heap before
{Heap before GC invocations=8 (full 0):
 PSYoungGen      total 12288K, used 12121K [0x00000000f6600000, 0x00000000f7a80000, 0x0000000100000000)
  eden space 8192K, 100% used [0x00000000f6600000,0x00000000f6e00000,0x00000000f6e00000)
  from space 4096K, 95% used [0x00000000f7580000,0x00000000f79566e8,0x00000000f7980000)
  to   space 1024K, 0% used [0x00000000f7980000,0x00000000f7980000,0x00000000f7a80000)
 ParOldGen       total 19456K, used 8235K [0x00000000e3200000, 0x00000000e4500000, 0x00000000f6600000)
  object space 19456K, 42% used [0x00000000e3200000,0x00000000e3a0ae20,0x00000000e4500000)
 PSPermGen       total 22528K, used 22388K [0x00000000de000000, 0x00000000df600000, 0x00000000e3200000)
  object space 22528K, 99% used [0x00000000de000000,0x00000000df5dd220,0x00000000df600000)
Event: 31,119 GC heap after
Heap after GC invocations=8 (full 0):
 PSYoungGen      total 9216K, used 1012K [0x00000000f6600000, 0x00000000f7a80000, 0x0000000100000000)
  eden space 8192K, 0% used [0x00000000f6600000,0x00000000f6600000,0x00000000f6e00000)
  from space 1024K, 98% used [0x00000000f7980000,0x00000000f7a7d278,0x00000000f7a80000)
  to   space 5120K, 0% used [0x00000000f7080000,0x00000000f7080000,0x00000000f7580000)
 ParOldGen       total 19456K, used 11630K [0x00000000e3200000, 0x00000000e4500000, 0x00000000f6600000)
  object space 19456K, 59% used [0x00000000e3200000,0x00000000e3d5b8f0,0x00000000e4500000)
 PSPermGen       total 22528K, used 22388K [0x00000000de000000, 0x00000000df600000, 0x00000000e3200000)
  object space 22528K, 99% used [0x00000000de000000,0x00000000df5dd220,0x00000000df600000)
}
Event: 40,643 GC heap before
{Heap before GC invocations=9 (full 0):
 PSYoungGen      total 9216K, used 9204K [0x00000000f6600000, 0x00000000f7a80000, 0x0000000100000000)
  eden space 8192K, 100% used [0x00000000f6600000,0x00000000f6e00000,0x00000000f6e00000)
  from space 1024K, 98% used [0x00000000f7980000,0x00000000f7a7d278,0x00000000f7a80000)
  to   space 5120K, 0% used [0x00000000f7080000,0x00000000f7080000,0x00000000f7580000)
 ParOldGen       total 19456K, used 11630K [0x00000000e3200000, 0x00000000e4500000, 0x00000000f6600000)
  object space 19456K, 59% used [0x00000000e3200000,0x00000000e3d5b8f0,0x00000000e4500000)
 PSPermGen       total 22528K, used 22445K [0x00000000de000000, 0x00000000df600000, 0x00000000e3200000)
  object space 22528K, 99% used [0x00000000de000000,0x00000000df5eb4e8,0x00000000df600000)
Event: 40,662 GC heap after
Heap after GC invocations=9 (full 0):
 PSYoungGen      total 11264K, used 2781K [0x00000000f6600000, 0x00000000f7a00000, 0x0000000100000000)
  eden space 8192K, 0% used [0x00000000f6600000,0x00000000f6600000,0x00000000f6e00000)
  from space 3072K, 90% used [0x00000000f7080000,0x00000000f7337590,0x00000000f7380000)
  to   space 5120K, 0% used [0x00000000f7500000,0x00000000f7500000,0x00000000f7a00000)
 ParOldGen       total 19456K, used 12138K [0x00000000e3200000, 0x00000000e4500000, 0x00000000f6600000)
  object space 19456K, 62% used [0x00000000e3200000,0x00000000e3ddabc0,0x00000000e4500000)
 PSPermGen       total 22528K, used 22445K [0x00000000de000000, 0x00000000df600000, 0x00000000e3200000)
  object space 22528K, 99% used [0x00000000de000000,0x00000000df5eb4e8,0x00000000df600000)
}
Event: 58,828 GC heap before
{Heap before GC invocations=10 (full 0):
 PSYoungGen      total 11264K, used 10973K [0x00000000f6600000, 0x00000000f7a00000, 0x0000000100000000)
  eden space 8192K, 100% used [0x00000000f6600000,0x00000000f6e00000,0x00000000f6e00000)
  from space 3072K, 90% used [0x00000000f7080000,0x00000000f7337590,0x00000000f7380000)
  to   space 5120K, 0% used [0x00000000f7500000,0x00000000f7500000,0x00000000f7a00000)
 ParOldGen       total 19456K, used 12138K [0x00000000e3200000, 0x00000000e4500000, 0x00000000f6600000)
  object space 19456K, 62% used [0x00000000e3200000,0x00000000e3ddabc0,0x00000000e4500000)
 PSPermGen       total 23040K, used 22529K [0x00000000de000000, 0x00000000df680000, 0x00000000e3200000)
  object space 23040K, 97% used [0x00000000de000000,0x00000000df600738,0x00000000df680000)
Event: 58,838 GC heap after
Heap after GC invocations=10 (full 0):
 PSYoungGen      total 11264K, used 2784K [0x00000000f6600000, 0x00000000f7800000, 0x0000000100000000)
  eden space 8192K, 0% used [0x00000000f6600000,0x00000000f6600000,0x00000000f6e00000)
  from space 3072K, 90% used [0x00000000f7500000,0x00000000f77b8000,0x00000000f7800000)
  to   space 5120K, 0% used [0x00000000f6e00000,0x00000000f6e00000,0x00000000f7300000)
 ParOldGen       total 19456K, used 12520K [0x00000000e3200000, 0x00000000e4500000, 0x00000000f6600000)
  object space 19456K, 64% used [0x00000000e3200000,0x00000000e3e3a3d8,0x00000000e4500000)
 PSPermGen       total 23040K, used 22529K [0x00000000de000000, 0x00000000df680000, 0x00000000e3200000)
  object space 23040K, 97% used [0x00000000de000000,0x00000000df600738,0x00000000df680000)
}

