# JRE version: Java(TM) SE Runtime Environment (7.0_51-b13) (build 1.7.0_51-b13)
# Java VM: Java HotSpot(TM) 64-Bit Server VM (24.51-b03 mixed mode linux-amd64 compressed oops)
Heap
 PSYoungGen      total 597504K, used 495780K [0x00000007d6a00000, 0x00000007ffc00000, 0x0000000800000000)
  eden space 525312K, 87% used [0x00000007d6a00000,0x00000007f2bf3bc0,0x00000007f6b00000)
  from space 72192K, 48% used [0x00000007fb580000,0x00000007fd7b57a0,0x00000007ffc00000)
  to   space 74240K, 0% used [0x00000007f6b00000,0x00000007f6b00000,0x00000007fb380000)
 ParOldGen       total 782848K, used 692578K [0x0000000783e00000, 0x00000007b3a80000, 0x00000007d6a00000)
  object space 782848K, 88% used [0x0000000783e00000,0x00000007ae258850,0x00000007b3a80000)
 PSPermGen       total 39424K, used 22106K [0x000000077ec00000, 0x0000000781280000, 0x0000000783e00000)
  object space 39424K, 56% used [0x000000077ec00000,0x0000000780196a30,0x0000000781280000)
GC Heap History (10 events):
Event: 65,622 GC heap before
{Heap before GC invocations=181 (full 7):
 PSYoungGen      total 578560K, used 578528K [0x00000007d6a00000, 0x0000000800000000, 0x0000000800000000)
  eden space 521216K, 100% used [0x00000007d6a00000,0x00000007f6700000,0x00000007f6700000)
  from space 57344K, 99% used [0x00000007f6700000,0x00000007f9ef8000,0x00000007f9f00000)
  to   space 80384K, 0% used [0x00000007fb180000,0x00000007fb180000,0x0000000800000000)
 ParOldGen       total 782848K, used 645042K [0x0000000783e00000, 0x00000007b3a80000, 0x00000007d6a00000)
  object space 782848K, 82% used [0x0000000783e00000,0x00000007ab3ec850,0x00000007b3a80000)
 PSPermGen       total 39424K, used 22106K [0x000000077ec00000, 0x0000000781280000, 0x0000000783e00000)
  object space 39424K, 56% used [0x000000077ec00000,0x0000000780196888,0x0000000781280000)
Event: 65,648 GC heap after
Heap after GC invocations=181 (full 7):
 PSYoungGen      total 594432K, used 56885K [0x00000007d6a00000, 0x0000000800000000, 0x0000000800000000)
  eden space 514048K, 0% used [0x00000007d6a00000,0x00000007d6a00000,0x00000007f6000000)
  from space 80384K, 70% used [0x00000007fb180000,0x00000007fe90d7a0,0x0000000800000000)
  to   space 81920K, 0% used [0x00000007f6000000,0x00000007f6000000,0x00000007fb000000)
 ParOldGen       total 782848K, used 651298K [0x0000000783e00000, 0x00000007b3a80000, 0x00000007d6a00000)
  object space 782848K, 83% used [0x0000000783e00000,0x00000007aba08850,0x00000007b3a80000)
 PSPermGen       total 39424K, used 22106K [0x000000077ec00000, 0x0000000781280000, 0x0000000783e00000)
  object space 39424K, 56% used [0x000000077ec00000,0x0000000780196888,0x0000000781280000)
}
Event: 65,762 GC heap before
{Heap before GC invocations=182 (full 7):
 PSYoungGen      total 594432K, used 570933K [0x00000007d6a00000, 0x0000000800000000, 0x0000000800000000)
  eden space 514048K, 100% used [0x00000007d6a00000,0x00000007f6000000,0x00000007f6000000)
  from space 80384K, 70% used [0x00000007fb180000,0x00000007fe90d7a0,0x0000000800000000)
  to   space 81920K, 0% used [0x00000007f6000000,0x00000007f6000000,0x00000007fb000000)
 ParOldGen       total 782848K, used 651298K [0x0000000783e00000, 0x00000007b3a80000, 0x00000007d6a00000)
  object space 782848K, 83% used [0x0000000783e00000,0x00000007aba08850,0x00000007b3a80000)
 PSPermGen       total 39424K, used 22106K [0x000000077ec00000, 0x0000000781280000, 0x0000000783e00000)
  object space 39424K, 56% used [0x000000077ec00000,0x0000000780196888,0x0000000781280000)
Event: 65,786 GC heap after
Heap after GC invocations=182 (full 7):
 PSYoungGen      total 595968K, used 50555K [0x00000007d6a00000, 0x00000007ffe80000, 0x0000000800000000)
  eden space 514048K, 0% used [0x00000007d6a00000,0x00000007d6a00000,0x00000007f6000000)
  from space 81920K, 61% used [0x00000007f6000000,0x00000007f915ee18,0x00000007fb000000)
  to   space 80384K, 0% used [0x00000007fb000000,0x00000007fb000000,0x00000007ffe80000)
 ParOldGen       total 782848K, used 661226K [0x0000000783e00000, 0x00000007b3a80000, 0x00000007d6a00000)
  object space 782848K, 84% used [0x0000000783e00000,0x00000007ac3ba850,0x00000007b3a80000)
 PSPermGen       total 39424K, used 22106K [0x000000077ec00000, 0x0000000781280000, 0x0000000783e00000)
  object space 39424K, 56% used [0x000000077ec00000,0x0000000780196888,0x0000000781280000)
}
Event: 65,895 GC heap before
{Heap before GC invocations=183 (full 7):
 PSYoungGen      total 595968K, used 564603K [0x00000007d6a00000, 0x00000007ffe80000, 0x0000000800000000)
  eden space 514048K, 100% used [0x00000007d6a00000,0x00000007f6000000,0x00000007f6000000)
  from space 81920K, 61% used [0x00000007f6000000,0x00000007f915ee18,0x00000007fb000000)
  to   space 80384K, 0% used [0x00000007fb000000,0x00000007fb000000,0x00000007ffe80000)
 ParOldGen       total 782848K, used 661226K [0x0000000783e00000, 0x00000007b3a80000, 0x00000007d6a00000)
  object space 782848K, 84% used [0x0000000783e00000,0x00000007ac3ba850,0x00000007b3a80000)
 PSPermGen       total 39424K, used 22106K [0x000000077ec00000, 0x0000000781280000, 0x0000000783e00000)
  object space 39424K, 56% used [0x000000077ec00000,0x0000000780196888,0x0000000781280000)
Event: 65,917 GC heap after
Heap after GC invocations=183 (full 7):
 PSYoungGen      total 589824K, used 46325K [0x00000007d6a00000, 0x00000007ff880000, 0x0000000800000000)
  eden space 515584K, 0% used [0x00000007d6a00000,0x00000007d6a00000,0x00000007f6180000)
  from space 74240K, 62% used [0x00000007fb000000,0x00000007fdd3d7a0,0x00000007ff880000)
  to   space 77312K, 0% used [0x00000007f6180000,0x00000007f6180000,0x00000007fad00000)
 ParOldGen       total 782848K, used 671554K [0x0000000783e00000, 0x00000007b3a80000, 0x00000007d6a00000)
  object space 782848K, 85% used [0x0000000783e00000,0x00000007acdd0850,0x00000007b3a80000)
 PSPermGen       total 39424K, used 22106K [0x000000077ec00000, 0x0000000781280000, 0x0000000783e00000)
  object space 39424K, 56% used [0x000000077ec00000,0x0000000780196888,0x0000000781280000)
}
Event: 66,032 GC heap before
{Heap before GC invocations=184 (full 7):
 PSYoungGen      total 589824K, used 561909K [0x00000007d6a00000, 0x00000007ff880000, 0x0000000800000000)
  eden space 515584K, 100% used [0x00000007d6a00000,0x00000007f6180000,0x00000007f6180000)
  from space 74240K, 62% used [0x00000007fb000000,0x00000007fdd3d7a0,0x00000007ff880000)
  to   space 77312K, 0% used [0x00000007f6180000,0x00000007f6180000,0x00000007fad00000)
 ParOldGen       total 782848K, used 671554K [0x0000000783e00000, 0x00000007b3a80000, 0x00000007d6a00000)
  object space 782848K, 85% used [0x0000000783e00000,0x00000007acdd0850,0x00000007b3a80000)
 PSPermGen       total 39424K, used 22106K [0x000000077ec00000, 0x0000000781280000, 0x0000000783e00000)
  object space 39424K, 56% used [0x000000077ec00000,0x0000000780196888,0x0000000781280000)
Event: 66,053 GC heap after
Heap after GC invocations=184 (full 7):
 PSYoungGen      total 592896K, used 37728K [0x00000007d6a00000, 0x00000007fff00000, 0x0000000800000000)
  eden space 515584K, 0% used [0x00000007d6a00000,0x00000007d6a00000,0x00000007f6180000)
  from space 77312K, 48% used [0x00000007f6180000,0x00000007f8658000,0x00000007fad00000)
  to   space 75264K, 0% used [0x00000007fb580000,0x00000007fb580000,0x00000007fff00000)
 ParOldGen       total 782848K, used 682210K [0x0000000783e00000, 0x00000007b3a80000, 0x00000007d6a00000)
  object space 782848K, 87% used [0x0000000783e00000,0x00000007ad838850,0x00000007b3a80000)
 PSPermGen       total 39424K, used 22106K [0x000000077ec00000, 0x0000000781280000, 0x0000000783e00000)
  object space 39424K, 56% used [0x000000077ec00000,0x0000000780196888,0x0000000781280000)
}
Event: 66,162 GC heap before
{Heap before GC invocations=185 (full 7):
 PSYoungGen      total 592896K, used 553312K [0x00000007d6a00000, 0x00000007fff00000, 0x0000000800000000)
  eden space 515584K, 100% used [0x00000007d6a00000,0x00000007f6180000,0x00000007f6180000)
  from space 77312K, 48% used [0x00000007f6180000,0x00000007f8658000,0x00000007fad00000)
  to   space 75264K, 0% used [0x00000007fb580000,0x00000007fb580000,0x00000007fff00000)
 ParOldGen       total 782848K, used 682210K [0x0000000783e00000, 0x00000007b3a80000, 0x00000007d6a00000)
  object space 782848K, 87% used [0x0000000783e00000,0x00000007ad838850,0x00000007b3a80000)
 PSPermGen       total 39424K, used 22106K [0x000000077ec00000, 0x0000000781280000, 0x0000000783e00000)
  object space 39424K, 56% used [0x000000077ec00000,0x0000000780196888,0x0000000781280000)
Event: 66,181 GC heap after
Heap after GC invocations=185 (full 7):
 PSYoungGen      total 597504K, used 35029K [0x00000007d6a00000, 0x00000007ffc00000, 0x0000000800000000)
  eden space 525312K, 0% used [0x00000007d6a00000,0x00000007d6a00000,0x00000007f6b00000)
  from space 72192K, 48% used [0x00000007fb580000,0x00000007fd7b57a0,0x00000007ffc00000)
  to   space 74240K, 0% used [0x00000007f6b00000,0x00000007f6b00000,0x00000007fb380000)
 ParOldGen       total 782848K, used 692578K [0x0000000783e00000, 0x00000007b3a80000, 0x00000007d6a00000)
  object space 782848K, 88% used [0x0000000783e00000,0x00000007ae258850,0x00000007b3a80000)
 PSPermGen       total 39424K, used 22106K [0x000000077ec00000, 0x0000000781280000, 0x0000000783e00000)
  object space 39424K, 56% used [0x000000077ec00000,0x0000000780196888,0x0000000781280000)
}

