# JRE version: Java(TM) SE Runtime Environment (7.0_51-b13) (build 1.7.0_51-b13)
# Java VM: Java HotSpot(TM) 64-Bit Server VM (24.51-b03 mixed mode linux-amd64 compressed oops)
Heap
 PSYoungGen      total 9216K, used 1065K [0x00000000f6600000, 0x00000000f7600000, 0x0000000100000000)
  eden space 8192K, 0% used [0x00000000f6600000,0x00000000f660dbc0,0x00000000f6e00000)
  from space 1024K, 98% used [0x00000000f6e00000,0x00000000f6efc9f0,0x00000000f6f00000)
  to   space 4096K, 0% used [0x00000000f7200000,0x00000000f7200000,0x00000000f7600000)
 ParOldGen       total 19456K, used 7991K [0x00000000e3200000, 0x00000000e4500000, 0x00000000f6600000)
  object space 19456K, 41% used [0x00000000e3200000,0x00000000e39cddf8,0x00000000e4500000)
 PSPermGen       total 22528K, used 22017K [0x00000000de000000, 0x00000000df600000, 0x00000000e3200000)
  object space 22528K, 97% used [0x00000000de000000,0x00000000df580438,0x00000000df600000)
GC Heap History (10 events):
Event: 2,846 GC heap before
{Heap before GC invocations=1 (full 0):
 PSYoungGen      total 9216K, used 8192K [0x00000000f6600000, 0x00000000f7000000, 0x0000000100000000)
  eden space 8192K, 100% used [0x00000000f6600000,0x00000000f6e00000,0x00000000f6e00000)
  from space 1024K, 0% used [0x00000000f6f00000,0x00000000f6f00000,0x00000000f7000000)
  to   space 1024K, 0% used [0x00000000f6e00000,0x00000000f6e00000,0x00000000f6f00000)
 ParOldGen       total 19456K, used 0K [0x00000000e3200000, 0x00000000e4500000, 0x00000000f6600000)
  object space 19456K, 0% used [0x00000000e3200000,0x00000000e3200000,0x00000000e4500000)
 PSPermGen       total 21504K, used 9870K [0x00000000de000000, 0x00000000df500000, 0x00000000e3200000)
  object space 21504K, 45% used [0x00000000de000000,0x00000000de9a3908,0x00000000df500000)
Event: 2,858 GC heap after
Heap after GC invocations=1 (full 0):
 PSYoungGen      total 9216K, used 992K [0x00000000f6600000, 0x00000000f7000000, 0x0000000100000000)
  eden space 8192K, 0% used [0x00000000f6600000,0x00000000f6600000,0x00000000f6e00000)
  from space 1024K, 96% used [0x00000000f6e00000,0x00000000f6ef8020,0x00000000f6f00000)
  to   space 1024K, 0% used [0x00000000f6f00000,0x00000000f6f00000,0x00000000f7000000)
 ParOldGen       total 19456K, used 1483K [0x00000000e3200000, 0x00000000e4500000, 0x00000000f6600000)
  object space 19456K, 7% used [0x00000000e3200000,0x00000000e3372f60,0x00000000e4500000)
 PSPermGen       total 21504K, used 9870K [0x00000000de000000, 0x00000000df500000, 0x00000000e3200000)
  object space 21504K, 45% used [0x00000000de000000,0x00000000de9a3908,0x00000000df500000)
}
Event: 6,861 GC heap before
{Heap before GC invocations=2 (full 0):
 PSYoungGen      total 9216K, used 9184K [0x00000000f6600000, 0x00000000f7000000, 0x0000000100000000)
  eden space 8192K, 100% used [0x00000000f6600000,0x00000000f6e00000,0x00000000f6e00000)
  from space 1024K, 96% used [0x00000000f6e00000,0x00000000f6ef8020,0x00000000f6f00000)
  to   space 1024K, 0% used [0x00000000f6f00000,0x00000000f6f00000,0x00000000f7000000)
 ParOldGen       total 19456K, used 1483K [0x00000000e3200000, 0x00000000e4500000, 0x00000000f6600000)
  object space 19456K, 7% used [0x00000000e3200000,0x00000000e3372f60,0x00000000e4500000)
 PSPermGen       total 21504K, used 15541K [0x00000000de000000, 0x00000000df500000, 0x00000000e3200000)
  object space 21504K, 72% used [0x00000000de000000,0x00000000def2d7d0,0x00000000df500000)
Event: 6,875 GC heap after
Heap after GC invocations=2 (full 0):
 PSYoungGen      total 9216K, used 992K [0x00000000f6600000, 0x00000000f7000000, 0x0000000100000000)
  eden space 8192K, 0% used [0x00000000f6600000,0x00000000f6600000,0x00000000f6e00000)
  from space 1024K, 96% used [0x00000000f6f00000,0x00000000f6ff8020,0x00000000f7000000)
  to   space 1024K, 0% used [0x00000000f6e00000,0x00000000f6e00000,0x00000000f6f00000)
 ParOldGen       total 19456K, used 3903K [0x00000000e3200000, 0x00000000e4500000, 0x00000000f6600000)
  object space 19456K, 20% used [0x00000000e3200000,0x00000000e35cfc40,0x00000000e4500000)
 PSPermGen       total 21504K, used 15541K [0x00000000de000000, 0x00000000df500000, 0x00000000e3200000)
  object space 21504K, 72% used [0x00000000de000000,0x00000000def2d7d0,0x00000000df500000)
}
Event: 8,531 GC heap before
{Heap before GC invocations=3 (full 0):
 PSYoungGen      total 9216K, used 9184K [0x00000000f6600000, 0x00000000f7000000, 0x0000000100000000)
  eden space 8192K, 100% used [0x00000000f6600000,0x00000000f6e00000,0x00000000f6e00000)
  from space 1024K, 96% used [0x00000000f6f00000,0x00000000f6ff8020,0x00000000f7000000)
  to   space 1024K, 0% used [0x00000000f6e00000,0x00000000f6e00000,0x00000000f6f00000)
 ParOldGen       total 19456K, used 3903K [0x00000000e3200000, 0x00000000e4500000, 0x00000000f6600000)
  object space 19456K, 20% used [0x00000000e3200000,0x00000000e35cfc40,0x00000000e4500000)
 PSPermGen       total 21504K, used 18462K [0x00000000de000000, 0x00000000df500000, 0x00000000e3200000)
  object space 21504K, 85% used [0x00000000de000000,0x00000000df207860,0x00000000df500000)
Event: 8,555 GC heap after
Heap after GC invocations=3 (full 0):
 PSYoungGen      total 9216K, used 994K [0x00000000f6600000, 0x00000000f7000000, 0x0000000100000000)
  eden space 8192K, 0% used [0x00000000f6600000,0x00000000f6600000,0x00000000f6e00000)
  from space 1024K, 97% used [0x00000000f6e00000,0x00000000f6ef89e0,0x00000000f6f00000)
  to   space 1024K, 0% used [0x00000000f6f00000,0x00000000f6f00000,0x00000000f7000000)
 ParOldGen       total 19456K, used 6028K [0x00000000e3200000, 0x00000000e4500000, 0x00000000f6600000)
  object space 19456K, 30% used [0x00000000e3200000,0x00000000e37e32b0,0x00000000e4500000)
 PSPermGen       total 21504K, used 18462K [0x00000000de000000, 0x00000000df500000, 0x00000000e3200000)
  object space 21504K, 85% used [0x00000000de000000,0x00000000df207860,0x00000000df500000)
}
Event: 9,781 GC heap before
{Heap before GC invocations=4 (full 0):
 PSYoungGen      total 9216K, used 9186K [0x00000000f6600000, 0x00000000f7000000, 0x0000000100000000)
  eden space 8192K, 100% used [0x00000000f6600000,0x00000000f6e00000,0x00000000f6e00000)
  from space 1024K, 97% used [0x00000000f6e00000,0x00000000f6ef89e0,0x00000000f6f00000)
  to   space 1024K, 0% used [0x00000000f6f00000,0x00000000f6f00000,0x00000000f7000000)
 ParOldGen       total 19456K, used 6028K [0x00000000e3200000, 0x00000000e4500000, 0x00000000f6600000)
  object space 19456K, 30% used [0x00000000e3200000,0x00000000e37e32b0,0x00000000e4500000)
 PSPermGen       total 21504K, used 20125K [0x00000000de000000, 0x00000000df500000, 0x00000000e3200000)
  object space 21504K, 93% used [0x00000000de000000,0x00000000df3a77c8,0x00000000df500000)
Event: 9,791 GC heap after
Heap after GC invocations=4 (full 0):
 PSYoungGen      total 9216K, used 1010K [0x00000000f6600000, 0x00000000f7000000, 0x0000000100000000)
  eden space 8192K, 0% used [0x00000000f6600000,0x00000000f6600000,0x00000000f6e00000)
  from space 1024K, 98% used [0x00000000f6f00000,0x00000000f6ffc9f0,0x00000000f7000000)
  to   space 1024K, 0% used [0x00000000f6e00000,0x00000000f6e00000,0x00000000f6f00000)
 ParOldGen       total 19456K, used 7309K [0x00000000e3200000, 0x00000000e4500000, 0x00000000f6600000)
  object space 19456K, 37% used [0x00000000e3200000,0x00000000e3923740,0x00000000e4500000)
 PSPermGen       total 21504K, used 20125K [0x00000000de000000, 0x00000000df500000, 0x00000000e3200000)
  object space 21504K, 93% used [0x00000000de000000,0x00000000df3a77c8,0x00000000df500000)
}
Event: 16,720 GC heap before
{Heap before GC invocations=5 (full 0):
 PSYoungGen      total 9216K, used 9202K [0x00000000f6600000, 0x00000000f7000000, 0x0000000100000000)
  eden space 8192K, 100% used [0x00000000f6600000,0x00000000f6e00000,0x00000000f6e00000)
  from space 1024K, 98% used [0x00000000f6f00000,0x00000000f6ffc9f0,0x00000000f7000000)
  to   space 1024K, 0% used [0x00000000f6e00000,0x00000000f6e00000,0x00000000f6f00000)
 ParOldGen       total 19456K, used 7309K [0x00000000e3200000, 0x00000000e4500000, 0x00000000f6600000)
  object space 19456K, 37% used [0x00000000e3200000,0x00000000e3923740,0x00000000e4500000)
 PSPermGen       total 22016K, used 22010K [0x00000000de000000, 0x00000000df580000, 0x00000000e3200000)
  object space 22016K, 99% used [0x00000000de000000,0x00000000df57eb40,0x00000000df580000)
Event: 16,730 GC heap after
Heap after GC invocations=5 (full 0):
 PSYoungGen      total 9216K, used 1010K [0x00000000f6600000, 0x00000000f7600000, 0x0000000100000000)
  eden space 8192K, 0% used [0x00000000f6600000,0x00000000f6600000,0x00000000f6e00000)
  from space 1024K, 98% used [0x00000000f6e00000,0x00000000f6efc9f0,0x00000000f6f00000)
  to   space 4096K, 0% used [0x00000000f7200000,0x00000000f7200000,0x00000000f7600000)
 ParOldGen       total 19456K, used 7991K [0x00000000e3200000, 0x00000000e4500000, 0x00000000f6600000)
  object space 19456K, 41% used [0x00000000e3200000,0x00000000e39cddf8,0x00000000e4500000)
 PSPermGen       total 22016K, used 22010K [0x00000000de000000, 0x00000000df580000, 0x00000000e3200000)
  object space 22016K, 99% used [0x00000000de000000,0x00000000df57eb40,0x00000000df580000)
}

