# JRE version: Java(TM) SE Runtime Environment (7.0_51-b13) (build 1.7.0_51-b13)
# Java VM: Java HotSpot(TM) 64-Bit Server VM (24.51-b03 mixed mode linux-amd64 compressed oops)
Heap
 PSYoungGen      total 17408K, used 16012K [0x00000000f6600000, 0x00000000f8f00000, 0x0000000100000000)
  eden space 16384K, 91% used [0x00000000f6600000,0x00000000f74a32c0,0x00000000f7600000)
  from space 1024K, 100% used [0x00000000f7600000,0x00000000f7700000,0x00000000f7700000)
  to   space 4608K, 0% used [0x00000000f8a80000,0x00000000f8a80000,0x00000000f8f00000)
 ParOldGen       total 19456K, used 7462K [0x00000000e3200000, 0x00000000e4500000, 0x00000000f6600000)
  object space 19456K, 38% used [0x00000000e3200000,0x00000000e3949908,0x00000000e4500000)
 PSPermGen       total 22528K, used 22478K [0x00000000de000000, 0x00000000df600000, 0x00000000e3200000)
  object space 22528K, 99% used [0x00000000de000000,0x00000000df5f3ac8,0x00000000df600000)
GC Heap History (10 events):
Event: 7,813 GC heap before
{Heap before GC invocations=1 (full 0):
 PSYoungGen      total 9216K, used 8192K [0x00000000f6600000, 0x00000000f7000000, 0x0000000100000000)
  eden space 8192K, 100% used [0x00000000f6600000,0x00000000f6e00000,0x00000000f6e00000)
  from space 1024K, 0% used [0x00000000f6f00000,0x00000000f6f00000,0x00000000f7000000)
  to   space 1024K, 0% used [0x00000000f6e00000,0x00000000f6e00000,0x00000000f6f00000)
 ParOldGen       total 19456K, used 0K [0x00000000e3200000, 0x00000000e4500000, 0x00000000f6600000)
  object space 19456K, 0% used [0x00000000e3200000,0x00000000e3200000,0x00000000e4500000)
 PSPermGen       total 21504K, used 10103K [0x00000000de000000, 0x00000000df500000, 0x00000000e3200000)
  object space 21504K, 46% used [0x00000000de000000,0x00000000de9dded8,0x00000000df500000)
Event: 7,826 GC heap after
Heap after GC invocations=1 (full 0):
 PSYoungGen      total 9216K, used 1024K [0x00000000f6600000, 0x00000000f7000000, 0x0000000100000000)
  eden space 8192K, 0% used [0x00000000f6600000,0x00000000f6600000,0x00000000f6e00000)
  from space 1024K, 100% used [0x00000000f6e00000,0x00000000f6f00000,0x00000000f6f00000)
  to   space 1024K, 0% used [0x00000000f6f00000,0x00000000f6f00000,0x00000000f7000000)
 ParOldGen       total 19456K, used 1363K [0x00000000e3200000, 0x00000000e4500000, 0x00000000f6600000)
  object space 19456K, 7% used [0x00000000e3200000,0x00000000e3354f90,0x00000000e4500000)
 PSPermGen       total 21504K, used 10103K [0x00000000de000000, 0x00000000df500000, 0x00000000e3200000)
  object space 21504K, 46% used [0x00000000de000000,0x00000000de9dded8,0x00000000df500000)
}
Event: 8,635 GC heap before
{Heap before GC invocations=2 (full 0):
 PSYoungGen      total 9216K, used 9216K [0x00000000f6600000, 0x00000000f7000000, 0x0000000100000000)
  eden space 8192K, 100% used [0x00000000f6600000,0x00000000f6e00000,0x00000000f6e00000)
  from space 1024K, 100% used [0x00000000f6e00000,0x00000000f6f00000,0x00000000f6f00000)
  to   space 1024K, 0% used [0x00000000f6f00000,0x00000000f6f00000,0x00000000f7000000)
 ParOldGen       total 19456K, used 1363K [0x00000000e3200000, 0x00000000e4500000, 0x00000000f6600000)
  object space 19456K, 7% used [0x00000000e3200000,0x00000000e3354f90,0x00000000e4500000)
 PSPermGen       total 21504K, used 12445K [0x00000000de000000, 0x00000000df500000, 0x00000000e3200000)
  object space 21504K, 57% used [0x00000000de000000,0x00000000dec276c8,0x00000000df500000)
Event: 8,647 GC heap after
Heap after GC invocations=2 (full 0):
 PSYoungGen      total 9216K, used 1008K [0x00000000f6600000, 0x00000000f7000000, 0x0000000100000000)
  eden space 8192K, 0% used [0x00000000f6600000,0x00000000f6600000,0x00000000f6e00000)
  from space 1024K, 98% used [0x00000000f6f00000,0x00000000f6ffc010,0x00000000f7000000)
  to   space 1024K, 0% used [0x00000000f6e00000,0x00000000f6e00000,0x00000000f6f00000)
 ParOldGen       total 19456K, used 2771K [0x00000000e3200000, 0x00000000e4500000, 0x00000000f6600000)
  object space 19456K, 14% used [0x00000000e3200000,0x00000000e34b4fc0,0x00000000e4500000)
 PSPermGen       total 21504K, used 12445K [0x00000000de000000, 0x00000000df500000, 0x00000000e3200000)
  object space 21504K, 57% used [0x00000000de000000,0x00000000dec276c8,0x00000000df500000)
}
Event: 8,985 GC heap before
{Heap before GC invocations=3 (full 0):
 PSYoungGen      total 9216K, used 9200K [0x00000000f6600000, 0x00000000f7000000, 0x0000000100000000)
  eden space 8192K, 100% used [0x00000000f6600000,0x00000000f6e00000,0x00000000f6e00000)
  from space 1024K, 98% used [0x00000000f6f00000,0x00000000f6ffc010,0x00000000f7000000)
  to   space 1024K, 0% used [0x00000000f6e00000,0x00000000f6e00000,0x00000000f6f00000)
 ParOldGen       total 19456K, used 2771K [0x00000000e3200000, 0x00000000e4500000, 0x00000000f6600000)
  object space 19456K, 14% used [0x00000000e3200000,0x00000000e34b4fc0,0x00000000e4500000)
 PSPermGen       total 21504K, used 13644K [0x00000000de000000, 0x00000000df500000, 0x00000000e3200000)
  object space 21504K, 63% used [0x00000000de000000,0x00000000ded53290,0x00000000df500000)
Event: 9,005 GC heap after
Heap after GC invocations=3 (full 0):
 PSYoungGen      total 9216K, used 1010K [0x00000000f6600000, 0x00000000f7800000, 0x0000000100000000)
  eden space 8192K, 0% used [0x00000000f6600000,0x00000000f6600000,0x00000000f6e00000)
  from space 1024K, 98% used [0x00000000f6e00000,0x00000000f6efc820,0x00000000f6f00000)
  to   space 1024K, 0% used [0x00000000f7700000,0x00000000f7700000,0x00000000f7800000)
 ParOldGen       total 19456K, used 3015K [0x00000000e3200000, 0x00000000e4500000, 0x00000000f6600000)
  object space 19456K, 15% used [0x00000000e3200000,0x00000000e34f1e60,0x00000000e4500000)
 PSPermGen       total 21504K, used 13644K [0x00000000de000000, 0x00000000df500000, 0x00000000e3200000)
  object space 21504K, 63% used [0x00000000de000000,0x00000000ded53290,0x00000000df500000)
}
Event: 13,377 GC heap before
{Heap before GC invocations=4 (full 0):
 PSYoungGen      total 9216K, used 9171K [0x00000000f6600000, 0x00000000f7800000, 0x0000000100000000)
  eden space 8192K, 99% used [0x00000000f6600000,0x00000000f6df87c8,0x00000000f6e00000)
  from space 1024K, 98% used [0x00000000f6e00000,0x00000000f6efc820,0x00000000f6f00000)
  to   space 1024K, 0% used [0x00000000f7700000,0x00000000f7700000,0x00000000f7800000)
 ParOldGen       total 19456K, used 3015K [0x00000000e3200000, 0x00000000e4500000, 0x00000000f6600000)
  object space 19456K, 15% used [0x00000000e3200000,0x00000000e34f1e60,0x00000000e4500000)
 PSPermGen       total 21504K, used 16823K [0x00000000de000000, 0x00000000df500000, 0x00000000e3200000)
  object space 21504K, 78% used [0x00000000de000000,0x00000000df06de40,0x00000000df500000)
Event: 13,400 GC heap after
Heap after GC invocations=4 (full 0):
 PSYoungGen      total 17408K, used 1024K [0x00000000f6600000, 0x00000000f7800000, 0x0000000100000000)
  eden space 16384K, 0% used [0x00000000f6600000,0x00000000f6600000,0x00000000f7600000)
  from space 1024K, 100% used [0x00000000f7700000,0x00000000f7800000,0x00000000f7800000)
  to   space 1024K, 0% used [0x00000000f7600000,0x00000000f7600000,0x00000000f7700000)
 ParOldGen       total 19456K, used 4393K [0x00000000e3200000, 0x00000000e4500000, 0x00000000f6600000)
  object space 19456K, 22% used [0x00000000e3200000,0x00000000e364a638,0x00000000e4500000)
 PSPermGen       total 21504K, used 16823K [0x00000000de000000, 0x00000000df500000, 0x00000000e3200000)
  object space 21504K, 78% used [0x00000000de000000,0x00000000df06de40,0x00000000df500000)
}
Event: 16,386 GC heap before
{Heap before GC invocations=5 (full 0):
 PSYoungGen      total 17408K, used 17408K [0x00000000f6600000, 0x00000000f7800000, 0x0000000100000000)
  eden space 16384K, 100% used [0x00000000f6600000,0x00000000f7600000,0x00000000f7600000)
  from space 1024K, 100% used [0x00000000f7700000,0x00000000f7800000,0x00000000f7800000)
  to   space 1024K, 0% used [0x00000000f7600000,0x00000000f7600000,0x00000000f7700000)
 ParOldGen       total 19456K, used 4393K [0x00000000e3200000, 0x00000000e4500000, 0x00000000f6600000)
  object space 19456K, 22% used [0x00000000e3200000,0x00000000e364a638,0x00000000e4500000)
 PSPermGen       total 21504K, used 21050K [0x00000000de000000, 0x00000000df500000, 0x00000000e3200000)
  object space 21504K, 97% used [0x00000000de000000,0x00000000df48e9c8,0x00000000df500000)
Event: 16,402 GC heap after
Heap after GC invocations=5 (full 0):
 PSYoungGen      total 17408K, used 1024K [0x00000000f6600000, 0x00000000f8f00000, 0x0000000100000000)
  eden space 16384K, 0% used [0x00000000f6600000,0x00000000f6600000,0x00000000f7600000)
  from space 1024K, 100% used [0x00000000f7600000,0x00000000f7700000,0x00000000f7700000)
  to   space 4608K, 0% used [0x00000000f8a80000,0x00000000f8a80000,0x00000000f8f00000)
 ParOldGen       total 19456K, used 7462K [0x00000000e3200000, 0x00000000e4500000, 0x00000000f6600000)
  object space 19456K, 38% used [0x00000000e3200000,0x00000000e3949908,0x00000000e4500000)
 PSPermGen       total 21504K, used 21050K [0x00000000de000000, 0x00000000df500000, 0x00000000e3200000)
  object space 21504K, 97% used [0x00000000de000000,0x00000000df48e9c8,0x00000000df500000)
}

