# JRE version: OpenJDK Runtime Environment (7.0_79-b14) (build 1.7.0_79-b14)
# Java VM: OpenJDK 64-Bit Server VM (24.79-b02 mixed mode linux-amd64 compressed oops)
Heap
 PSYoungGen      total 301056K, used 189904K [0x00000007d6a00000, 0x00000007ec200000, 0x0000000800000000)
  eden space 276480K, 60% used [0x00000007d6a00000,0x00000007e0c99850,0x00000007e7800000)
  from space 24576K, 95% used [0x00000007eaa00000,0x00000007ec0daa30,0x00000007ec200000)
  to   space 37888K, 0% used [0x00000007e7800000,0x00000007e7800000,0x00000007e9d00000)
 ParOldGen       total 141312K, used 54009K [0x0000000783e00000, 0x000000078c800000, 0x00000007d6a00000)
  object space 141312K, 38% used [0x0000000783e00000,0x00000007872be478,0x000000078c800000)
 PSPermGen       total 48128K, used 26410K [0x0000000779800000, 0x000000077c700000, 0x0000000783e00000)
  object space 48128K, 54% used [0x0000000779800000,0x000000077b1caba0,0x000000077c700000)
GC Heap History (10 events):
Event: 55,762 GC heap before
{Heap before GC invocations=21 (full 1):
 PSYoungGen      total 323072K, used 304138K [0x00000007d6a00000, 0x00000007edc00000, 0x0000000800000000)
  eden space 279040K, 100% used [0x00000007d6a00000,0x00000007e7a80000,0x00000007e7a80000)
  from space 44032K, 57% used [0x00000007e7a80000,0x00000007e9302a30,0x00000007ea580000)
  to   space 43520K, 0% used [0x00000007eb180000,0x00000007eb180000,0x00000007edc00000)
 ParOldGen       total 141312K, used 52197K [0x0000000783e00000, 0x000000078c800000, 0x00000007d6a00000)
  object space 141312K, 36% used [0x0000000783e00000,0x00000007870f9468,0x000000078c800000)
 PSPermGen       total 48128K, used 26351K [0x0000000779800000, 0x000000077c700000, 0x0000000783e00000)
  object space 48128K, 54% used [0x0000000779800000,0x000000077b1bbe48,0x000000077c700000)
Event: 55,769 GC heap after
Heap after GC invocations=21 (full 1):
 PSYoungGen      total 331264K, used 23914K [0x00000007d6a00000, 0x00000007ed900000, 0x0000000800000000)
  eden space 290816K, 0% used [0x00000007d6a00000,0x00000007d6a00000,0x00000007e8600000)
  from space 40448K, 59% used [0x00000007eb180000,0x00000007ec8daa30,0x00000007ed900000)
  to   space 42496K, 0% used [0x00000007e8600000,0x00000007e8600000,0x00000007eaf80000)
 ParOldGen       total 141312K, used 53445K [0x0000000783e00000, 0x000000078c800000, 0x00000007d6a00000)
  object space 141312K, 37% used [0x0000000783e00000,0x0000000787231468,0x000000078c800000)
 PSPermGen       total 48128K, used 26351K [0x0000000779800000, 0x000000077c700000, 0x0000000783e00000)
  object space 48128K, 54% used [0x0000000779800000,0x000000077b1bbe48,0x000000077c700000)
}
Event: 60,360 GC heap before
{Heap before GC invocations=22 (full 1):
 PSYoungGen      total 331264K, used 314730K [0x00000007d6a00000, 0x00000007ed900000, 0x0000000800000000)
  eden space 290816K, 100% used [0x00000007d6a00000,0x00000007e8600000,0x00000007e8600000)
  from space 40448K, 59% used [0x00000007eb180000,0x00000007ec8daa30,0x00000007ed900000)
  to   space 42496K, 0% used [0x00000007e8600000,0x00000007e8600000,0x00000007eaf80000)
 ParOldGen       total 141312K, used 53445K [0x0000000783e00000, 0x000000078c800000, 0x00000007d6a00000)
  object space 141312K, 37% used [0x0000000783e00000,0x0000000787231468,0x000000078c800000)
 PSPermGen       total 48128K, used 26352K [0x0000000779800000, 0x000000077c700000, 0x0000000783e00000)
  object space 48128K, 54% used [0x0000000779800000,0x000000077b1bc030,0x000000077c700000)
Event: 60,365 GC heap after
Heap after GC invocations=22 (full 1):
 PSYoungGen      total 333312K, used 23434K [0x00000007d6a00000, 0x00000007ee100000, 0x0000000800000000)
  eden space 290816K, 0% used [0x00000007d6a00000,0x00000007d6a00000,0x00000007e8600000)
  from space 42496K, 55% used [0x00000007e8600000,0x00000007e9ce2a30,0x00000007eaf80000)
  to   space 40960K, 0% used [0x00000007eb900000,0x00000007eb900000,0x00000007ee100000)
 ParOldGen       total 141312K, used 53917K [0x0000000783e00000, 0x000000078c800000, 0x00000007d6a00000)
  object space 141312K, 38% used [0x0000000783e00000,0x00000007872a7468,0x000000078c800000)
 PSPermGen       total 48128K, used 26352K [0x0000000779800000, 0x000000077c700000, 0x0000000783e00000)
  object space 48128K, 54% used [0x0000000779800000,0x000000077b1bc030,0x000000077c700000)
}
Event: 64,960 GC heap before
{Heap before GC invocations=23 (full 1):
 PSYoungGen      total 333312K, used 314250K [0x00000007d6a00000, 0x00000007ee100000, 0x0000000800000000)
  eden space 290816K, 100% used [0x00000007d6a00000,0x00000007e8600000,0x00000007e8600000)
  from space 42496K, 55% used [0x00000007e8600000,0x00000007e9ce2a30,0x00000007eaf80000)
  to   space 40960K, 0% used [0x00000007eb900000,0x00000007eb900000,0x00000007ee100000)
 ParOldGen       total 141312K, used 53917K [0x0000000783e00000, 0x000000078c800000, 0x00000007d6a00000)
  object space 141312K, 38% used [0x0000000783e00000,0x00000007872a7468,0x000000078c800000)
 PSPermGen       total 48128K, used 26352K [0x0000000779800000, 0x000000077c700000, 0x0000000783e00000)
  object space 48128K, 54% used [0x0000000779800000,0x000000077b1bc030,0x000000077c700000)
Event: 64,966 GC heap after
Heap after GC invocations=23 (full 1):
 PSYoungGen      total 339968K, used 23498K [0x00000007d6a00000, 0x00000007ede80000, 0x0000000800000000)
  eden space 301568K, 0% used [0x00000007d6a00000,0x00000007d6a00000,0x00000007e9080000)
  from space 38400K, 61% used [0x00000007eb900000,0x00000007ecff2a30,0x00000007ede80000)
  to   space 39936K, 0% used [0x00000007e9080000,0x00000007e9080000,0x00000007eb780000)
 ParOldGen       total 141312K, used 53941K [0x0000000783e00000, 0x000000078c800000, 0x00000007d6a00000)
  object space 141312K, 38% used [0x0000000783e00000,0x00000007872ad468,0x000000078c800000)
 PSPermGen       total 48128K, used 26352K [0x0000000779800000, 0x000000077c700000, 0x0000000783e00000)
  object space 48128K, 54% used [0x0000000779800000,0x000000077b1bc030,0x000000077c700000)
}
Event: 69,776 GC heap before
{Heap before GC invocations=24 (full 1):
 PSYoungGen      total 339968K, used 325066K [0x00000007d6a00000, 0x00000007ede80000, 0x0000000800000000)
  eden space 301568K, 100% used [0x00000007d6a00000,0x00000007e9080000,0x00000007e9080000)
  from space 38400K, 61% used [0x00000007eb900000,0x00000007ecff2a30,0x00000007ede80000)
  to   space 39936K, 0% used [0x00000007e9080000,0x00000007e9080000,0x00000007eb780000)
 ParOldGen       total 141312K, used 53941K [0x0000000783e00000, 0x000000078c800000, 0x00000007d6a00000)
  object space 141312K, 38% used [0x0000000783e00000,0x00000007872ad468,0x000000078c800000)
 PSPermGen       total 48128K, used 26352K [0x0000000779800000, 0x000000077c700000, 0x0000000783e00000)
  object space 48128K, 54% used [0x0000000779800000,0x000000077b1bc030,0x000000077c700000)
Event: 69,782 GC heap after
Heap after GC invocations=24 (full 1):
 PSYoungGen      total 312320K, used 23434K [0x00000007d6a00000, 0x00000007ed000000, 0x0000000800000000)
  eden space 288768K, 0% used [0x00000007d6a00000,0x00000007d6a00000,0x00000007e8400000)
  from space 23552K, 99% used [0x00000007e9080000,0x00000007ea762a30,0x00000007ea780000)
  to   space 38912K, 0% used [0x00000007eaa00000,0x00000007eaa00000,0x00000007ed000000)
 ParOldGen       total 141312K, used 53985K [0x0000000783e00000, 0x000000078c800000, 0x00000007d6a00000)
  object space 141312K, 38% used [0x0000000783e00000,0x00000007872b8478,0x000000078c800000)
 PSPermGen       total 48128K, used 26352K [0x0000000779800000, 0x000000077c700000, 0x0000000783e00000)
  object space 48128K, 54% used [0x0000000779800000,0x000000077b1bc030,0x000000077c700000)
}
Event: 74,377 GC heap before
{Heap before GC invocations=25 (full 1):
 PSYoungGen      total 312320K, used 312202K [0x00000007d6a00000, 0x00000007ed000000, 0x0000000800000000)
  eden space 288768K, 100% used [0x00000007d6a00000,0x00000007e8400000,0x00000007e8400000)
  from space 23552K, 99% used [0x00000007e9080000,0x00000007ea762a30,0x00000007ea780000)
  to   space 38912K, 0% used [0x00000007eaa00000,0x00000007eaa00000,0x00000007ed000000)
 ParOldGen       total 141312K, used 53985K [0x0000000783e00000, 0x000000078c800000, 0x00000007d6a00000)
  object space 141312K, 38% used [0x0000000783e00000,0x00000007872b8478,0x000000078c800000)
 PSPermGen       total 48128K, used 26352K [0x0000000779800000, 0x000000077c700000, 0x0000000783e00000)
  object space 48128K, 54% used [0x0000000779800000,0x000000077b1bc030,0x000000077c700000)
Event: 74,381 GC heap after
Heap after GC invocations=25 (full 1):
 PSYoungGen      total 301056K, used 23402K [0x00000007d6a00000, 0x00000007ec200000, 0x0000000800000000)
  eden space 276480K, 0% used [0x00000007d6a00000,0x00000007d6a00000,0x00000007e7800000)
  from space 24576K, 95% used [0x00000007eaa00000,0x00000007ec0daa30,0x00000007ec200000)
  to   space 37888K, 0% used [0x00000007e7800000,0x00000007e7800000,0x00000007e9d00000)
 ParOldGen       total 141312K, used 54009K [0x0000000783e00000, 0x000000078c800000, 0x00000007d6a00000)
  object space 141312K, 38% used [0x0000000783e00000,0x00000007872be478,0x000000078c800000)
 PSPermGen       total 48128K, used 26352K [0x0000000779800000, 0x000000077c700000, 0x0000000783e00000)
  object space 48128K, 54% used [0x0000000779800000,0x000000077b1bc030,0x000000077c700000)
}

