# JRE version: OpenJDK Runtime Environment (7.0_79-b14) (build 1.7.0_79-b14)
# Java VM: OpenJDK 64-Bit Server VM (24.79-b02 mixed mode linux-amd64 compressed oops)
Heap
 PSYoungGen      total 39936K, used 9331K [0x00000007d6a00000, 0x00000007dc080000, 0x0000000800000000)
  eden space 31744K, 4% used [0x00000007d6a00000,0x00000007d6b81738,0x00000007d8900000)
  from space 8192K, 95% used [0x00000007db880000,0x00000007dc01b678,0x00000007dc080000)
  to   space 14848K, 0% used [0x00000007da380000,0x00000007da380000,0x00000007db200000)
 ParOldGen       total 84480K, used 15022K [0x0000000783e00000, 0x0000000789080000, 0x00000007d6a00000)
  object space 84480K, 17% used [0x0000000783e00000,0x0000000784cab900,0x0000000789080000)
 PSPermGen       total 27648K, used 27366K [0x0000000779800000, 0x000000077b300000, 0x0000000783e00000)
  object space 27648K, 98% used [0x0000000779800000,0x000000077b2b9908,0x000000077b300000)
GC Heap History (10 events):
Event: 1,401 GC heap before
{Heap before GC invocations=2 (full 0):
 PSYoungGen      total 37376K, used 37353K [0x00000007d6a00000, 0x00000007d9380000, 0x0000000800000000)
  eden space 32256K, 100% used [0x00000007d6a00000,0x00000007d8980000,0x00000007d8980000)
  from space 5120K, 99% used [0x00000007d8980000,0x00000007d8e7a7e8,0x00000007d8e80000)
  to   space 5120K, 0% used [0x00000007d8e80000,0x00000007d8e80000,0x00000007d9380000)
 ParOldGen       total 84480K, used 2271K [0x0000000783e00000, 0x0000000789080000, 0x00000007d6a00000)
  object space 84480K, 2% used [0x0000000783e00000,0x0000000784037f68,0x0000000789080000)
 PSPermGen       total 22016K, used 22002K [0x0000000779800000, 0x000000077ad80000, 0x0000000783e00000)
  object space 22016K, 99% used [0x0000000779800000,0x000000077ad7c9a8,0x000000077ad80000)
Event: 1,410 GC heap after
Heap after GC invocations=2 (full 0):
 PSYoungGen      total 37376K, used 5098K [0x00000007d6a00000, 0x00000007db300000, 0x0000000800000000)
  eden space 32256K, 0% used [0x00000007d6a00000,0x00000007d6a00000,0x00000007d8980000)
  from space 5120K, 99% used [0x00000007d8e80000,0x00000007d937a9b8,0x00000007d9380000)
  to   space 5120K, 0% used [0x00000007d8980000,0x00000007d8980000,0x00000007d8e80000)
 ParOldGen       total 84480K, used 12057K [0x0000000783e00000, 0x0000000789080000, 0x00000007d6a00000)
  object space 84480K, 14% used [0x0000000783e00000,0x00000007849c6550,0x0000000789080000)
 PSPermGen       total 22016K, used 22002K [0x0000000779800000, 0x000000077ad80000, 0x0000000783e00000)
  object space 22016K, 99% used [0x0000000779800000,0x000000077ad7c9a8,0x000000077ad80000)
}
Event: 2,881 GC heap before
{Heap before GC invocations=3 (full 0):
 PSYoungGen      total 37376K, used 37354K [0x00000007d6a00000, 0x00000007db300000, 0x0000000800000000)
  eden space 32256K, 100% used [0x00000007d6a00000,0x00000007d8980000,0x00000007d8980000)
  from space 5120K, 99% used [0x00000007d8e80000,0x00000007d937a9b8,0x00000007d9380000)
  to   space 5120K, 0% used [0x00000007d8980000,0x00000007d8980000,0x00000007d8e80000)
 ParOldGen       total 84480K, used 12057K [0x0000000783e00000, 0x0000000789080000, 0x00000007d6a00000)
  object space 84480K, 14% used [0x0000000783e00000,0x00000007849c6550,0x0000000789080000)
 PSPermGen       total 26112K, used 25881K [0x0000000779800000, 0x000000077b180000, 0x0000000783e00000)
  object space 26112K, 99% used [0x0000000779800000,0x000000077b146420,0x000000077b180000)
Event: 2,888 GC heap after
Heap after GC invocations=3 (full 0):
 PSYoungGen      total 37376K, used 4590K [0x00000007d6a00000, 0x00000007d9380000, 0x0000000800000000)
  eden space 32256K, 0% used [0x00000007d6a00000,0x00000007d6a00000,0x00000007d8980000)
  from space 5120K, 89% used [0x00000007d8980000,0x00000007d8dfbb90,0x00000007d8e80000)
  to   space 5120K, 0% used [0x00000007d8e80000,0x00000007d8e80000,0x00000007d9380000)
 ParOldGen       total 84480K, used 14998K [0x0000000783e00000, 0x0000000789080000, 0x00000007d6a00000)
  object space 84480K, 17% used [0x0000000783e00000,0x0000000784ca5900,0x0000000789080000)
 PSPermGen       total 26112K, used 25881K [0x0000000779800000, 0x000000077b180000, 0x0000000783e00000)
  object space 26112K, 99% used [0x0000000779800000,0x000000077b146420,0x000000077b180000)
}
Event: 4,204 GC heap before
{Heap before GC invocations=4 (full 0):
 PSYoungGen      total 37376K, used 36846K [0x00000007d6a00000, 0x00000007d9380000, 0x0000000800000000)
  eden space 32256K, 100% used [0x00000007d6a00000,0x00000007d8980000,0x00000007d8980000)
  from space 5120K, 89% used [0x00000007d8980000,0x00000007d8dfbb90,0x00000007d8e80000)
  to   space 5120K, 0% used [0x00000007d8e80000,0x00000007d8e80000,0x00000007d9380000)
 ParOldGen       total 84480K, used 14998K [0x0000000783e00000, 0x0000000789080000, 0x00000007d6a00000)
  object space 84480K, 17% used [0x0000000783e00000,0x0000000784ca5900,0x0000000789080000)
 PSPermGen       total 27136K, used 26723K [0x0000000779800000, 0x000000077b280000, 0x0000000783e00000)
  object space 27136K, 98% used [0x0000000779800000,0x000000077b218cf0,0x000000077b280000)
Event: 4,213 GC heap after
Heap after GC invocations=4 (full 0):
 PSYoungGen      total 37376K, used 5024K [0x00000007d6a00000, 0x00000007d9380000, 0x0000000800000000)
  eden space 32256K, 0% used [0x00000007d6a00000,0x00000007d6a00000,0x00000007d8980000)
  from space 5120K, 98% used [0x00000007d8e80000,0x00000007d93682a0,0x00000007d9380000)
  to   space 5120K, 0% used [0x00000007d8980000,0x00000007d8980000,0x00000007d8e80000)
 ParOldGen       total 84480K, used 15006K [0x0000000783e00000, 0x0000000789080000, 0x00000007d6a00000)
  object space 84480K, 17% used [0x0000000783e00000,0x0000000784ca7900,0x0000000789080000)
 PSPermGen       total 27136K, used 26723K [0x0000000779800000, 0x000000077b280000, 0x0000000783e00000)
  object space 27136K, 98% used [0x0000000779800000,0x000000077b218cf0,0x000000077b280000)
}
Event: 4,632 GC heap before
{Heap before GC invocations=5 (full 0):
 PSYoungGen      total 37376K, used 37280K [0x00000007d6a00000, 0x00000007d9380000, 0x0000000800000000)
  eden space 32256K, 100% used [0x00000007d6a00000,0x00000007d8980000,0x00000007d8980000)
  from space 5120K, 98% used [0x00000007d8e80000,0x00000007d93682a0,0x00000007d9380000)
  to   space 5120K, 0% used [0x00000007d8980000,0x00000007d8980000,0x00000007d8e80000)
 ParOldGen       total 84480K, used 15006K [0x0000000783e00000, 0x0000000789080000, 0x00000007d6a00000)
  object space 84480K, 17% used [0x0000000783e00000,0x0000000784ca7900,0x0000000789080000)
 PSPermGen       total 27136K, used 26786K [0x0000000779800000, 0x000000077b280000, 0x0000000783e00000)
  object space 27136K, 98% used [0x0000000779800000,0x000000077b228be8,0x000000077b280000)
Event: 4,640 GC heap after
Heap after GC invocations=5 (full 0):
 PSYoungGen      total 37376K, used 4619K [0x00000007d6a00000, 0x00000007dc800000, 0x0000000800000000)
  eden space 32256K, 0% used [0x00000007d6a00000,0x00000007d6a00000,0x00000007d8980000)
  from space 5120K, 90% used [0x00000007d8980000,0x00000007d8e02fd8,0x00000007d8e80000)
  to   space 15872K, 0% used [0x00000007db880000,0x00000007db880000,0x00000007dc800000)
 ParOldGen       total 84480K, used 15014K [0x0000000783e00000, 0x0000000789080000, 0x00000007d6a00000)
  object space 84480K, 17% used [0x0000000783e00000,0x0000000784ca9900,0x0000000789080000)
 PSPermGen       total 27136K, used 26786K [0x0000000779800000, 0x000000077b280000, 0x0000000783e00000)
  object space 27136K, 98% used [0x0000000779800000,0x000000077b228be8,0x000000077b280000)
}
Event: 10,003 GC heap before
{Heap before GC invocations=6 (full 0):
 PSYoungGen      total 37376K, used 36875K [0x00000007d6a00000, 0x00000007dc800000, 0x0000000800000000)
  eden space 32256K, 100% used [0x00000007d6a00000,0x00000007d8980000,0x00000007d8980000)
  from space 5120K, 90% used [0x00000007d8980000,0x00000007d8e02fd8,0x00000007d8e80000)
  to   space 15872K, 0% used [0x00000007db880000,0x00000007db880000,0x00000007dc800000)
 ParOldGen       total 84480K, used 15014K [0x0000000783e00000, 0x0000000789080000, 0x00000007d6a00000)
  object space 84480K, 17% used [0x0000000783e00000,0x0000000784ca9900,0x0000000789080000)
 PSPermGen       total 27648K, used 27328K [0x0000000779800000, 0x000000077b300000, 0x0000000783e00000)
  object space 27648K, 98% used [0x0000000779800000,0x000000077b2b0080,0x000000077b300000)
Event: 10,012 GC heap after
Heap after GC invocations=6 (full 0):
 PSYoungGen      total 39936K, used 7789K [0x00000007d6a00000, 0x00000007dc080000, 0x0000000800000000)
  eden space 31744K, 0% used [0x00000007d6a00000,0x00000007d6a00000,0x00000007d8900000)
  from space 8192K, 95% used [0x00000007db880000,0x00000007dc01b678,0x00000007dc080000)
  to   space 14848K, 0% used [0x00000007da380000,0x00000007da380000,0x00000007db200000)
 ParOldGen       total 84480K, used 15022K [0x0000000783e00000, 0x0000000789080000, 0x00000007d6a00000)
  object space 84480K, 17% used [0x0000000783e00000,0x0000000784cab900,0x0000000789080000)
 PSPermGen       total 27648K, used 27328K [0x0000000779800000, 0x000000077b300000, 0x0000000783e00000)
  object space 27648K, 98% used [0x0000000779800000,0x000000077b2b0080,0x000000077b300000)
}

