# JRE version: OpenJDK Runtime Environment (7.0_79-b14) (build 1.7.0_79-b14)
# Java VM: OpenJDK 64-Bit Server VM (24.79-b02 mixed mode linux-amd64 compressed oops)
Heap
 PSYoungGen      total 37376K, used 33962K [0x00000007d6a00000, 0x00000007db300000, 0x0000000800000000)
  eden space 32256K, 89% used [0x00000007d6a00000,0x00000007d862dea0,0x00000007d8980000)
  from space 5120K, 99% used [0x00000007d8980000,0x00000007d8e7caa8,0x00000007d8e80000)
  to   space 5120K, 0% used [0x00000007dae00000,0x00000007dae00000,0x00000007db300000)
 ParOldGen       total 84480K, used 13697K [0x0000000783e00000, 0x0000000789080000, 0x00000007d6a00000)
  object space 84480K, 16% used [0x0000000783e00000,0x0000000784b60578,0x0000000789080000)
 PSPermGen       total 25600K, used 25534K [0x0000000779800000, 0x000000077b100000, 0x0000000783e00000)
  object space 25600K, 99% used [0x0000000779800000,0x000000077b0efbc8,0x000000077b100000)
GC Heap History (6 events):
Event: 2,191 GC heap before
{Heap before GC invocations=1 (full 0):
 PSYoungGen      total 37376K, used 32256K [0x00000007d6a00000, 0x00000007d9380000, 0x0000000800000000)
  eden space 32256K, 100% used [0x00000007d6a00000,0x00000007d8980000,0x00000007d8980000)
  from space 5120K, 0% used [0x00000007d8e80000,0x00000007d8e80000,0x00000007d9380000)
  to   space 5120K, 0% used [0x00000007d8980000,0x00000007d8980000,0x00000007d8e80000)
 ParOldGen       total 84480K, used 0K [0x0000000783e00000, 0x0000000789080000, 0x00000007d6a00000)
  object space 84480K, 0% used [0x0000000783e00000,0x0000000783e00000,0x0000000789080000)
 PSPermGen       total 21504K, used 19806K [0x0000000779800000, 0x000000077ad00000, 0x0000000783e00000)
  object space 21504K, 92% used [0x0000000779800000,0x000000077ab57be8,0x000000077ad00000)
Event: 2,200 GC heap after
Heap after GC invocations=1 (full 0):
 PSYoungGen      total 37376K, used 5092K [0x00000007d6a00000, 0x00000007d9380000, 0x0000000800000000)
  eden space 32256K, 0% used [0x00000007d6a00000,0x00000007d6a00000,0x00000007d8980000)
  from space 5120K, 99% used [0x00000007d8980000,0x00000007d8e79070,0x00000007d8e80000)
  to   space 5120K, 0% used [0x00000007d8e80000,0x00000007d8e80000,0x00000007d9380000)
 ParOldGen       total 84480K, used 4263K [0x0000000783e00000, 0x0000000789080000, 0x00000007d6a00000)
  object space 84480K, 5% used [0x0000000783e00000,0x0000000784229d60,0x0000000789080000)
 PSPermGen       total 21504K, used 19806K [0x0000000779800000, 0x000000077ad00000, 0x0000000783e00000)
  object space 21504K, 92% used [0x0000000779800000,0x000000077ab57be8,0x000000077ad00000)
}
Event: 2,769 GC heap before
{Heap before GC invocations=2 (full 0):
 PSYoungGen      total 37376K, used 37348K [0x00000007d6a00000, 0x00000007d9380000, 0x0000000800000000)
  eden space 32256K, 100% used [0x00000007d6a00000,0x00000007d8980000,0x00000007d8980000)
  from space 5120K, 99% used [0x00000007d8980000,0x00000007d8e79070,0x00000007d8e80000)
  to   space 5120K, 0% used [0x00000007d8e80000,0x00000007d8e80000,0x00000007d9380000)
 ParOldGen       total 84480K, used 4263K [0x0000000783e00000, 0x0000000789080000, 0x00000007d6a00000)
  object space 84480K, 5% used [0x0000000783e00000,0x0000000784229d60,0x0000000789080000)
 PSPermGen       total 24064K, used 24015K [0x0000000779800000, 0x000000077af80000, 0x0000000783e00000)
  object space 24064K, 99% used [0x0000000779800000,0x000000077af73c68,0x000000077af80000)
Event: 2,777 GC heap after
Heap after GC invocations=2 (full 0):
 PSYoungGen      total 37376K, used 5110K [0x00000007d6a00000, 0x00000007d9380000, 0x0000000800000000)
  eden space 32256K, 0% used [0x00000007d6a00000,0x00000007d6a00000,0x00000007d8980000)
  from space 5120K, 99% used [0x00000007d8e80000,0x00000007d937d978,0x00000007d9380000)
  to   space 5120K, 0% used [0x00000007d8980000,0x00000007d8980000,0x00000007d8e80000)
 ParOldGen       total 84480K, used 10964K [0x0000000783e00000, 0x0000000789080000, 0x00000007d6a00000)
  object space 84480K, 12% used [0x0000000783e00000,0x00000007848b5080,0x0000000789080000)
 PSPermGen       total 24064K, used 24015K [0x0000000779800000, 0x000000077af80000, 0x0000000783e00000)
  object space 24064K, 99% used [0x0000000779800000,0x000000077af73c68,0x000000077af80000)
}
Event: 2,972 GC heap before
{Heap before GC invocations=3 (full 0):
 PSYoungGen      total 37376K, used 37366K [0x00000007d6a00000, 0x00000007d9380000, 0x0000000800000000)
  eden space 32256K, 100% used [0x00000007d6a00000,0x00000007d8980000,0x00000007d8980000)
  from space 5120K, 99% used [0x00000007d8e80000,0x00000007d937d978,0x00000007d9380000)
  to   space 5120K, 0% used [0x00000007d8980000,0x00000007d8980000,0x00000007d8e80000)
 ParOldGen       total 84480K, used 10964K [0x0000000783e00000, 0x0000000789080000, 0x00000007d6a00000)
  object space 84480K, 12% used [0x0000000783e00000,0x00000007848b5080,0x0000000789080000)
 PSPermGen       total 24576K, used 24459K [0x0000000779800000, 0x000000077b000000, 0x0000000783e00000)
  object space 24576K, 99% used [0x0000000779800000,0x000000077afe2e38,0x000000077b000000)
Event: 2,979 GC heap after
Heap after GC invocations=3 (full 0):
 PSYoungGen      total 37376K, used 5106K [0x00000007d6a00000, 0x00000007db300000, 0x0000000800000000)
  eden space 32256K, 0% used [0x00000007d6a00000,0x00000007d6a00000,0x00000007d8980000)
  from space 5120K, 99% used [0x00000007d8980000,0x00000007d8e7caa8,0x00000007d8e80000)
  to   space 5120K, 0% used [0x00000007dae00000,0x00000007dae00000,0x00000007db300000)
 ParOldGen       total 84480K, used 13697K [0x0000000783e00000, 0x0000000789080000, 0x00000007d6a00000)
  object space 84480K, 16% used [0x0000000783e00000,0x0000000784b60578,0x0000000789080000)
 PSPermGen       total 24576K, used 24459K [0x0000000779800000, 0x000000077b000000, 0x0000000783e00000)
  object space 24576K, 99% used [0x0000000779800000,0x000000077afe2e38,0x000000077b000000)
}

