# JRE version: OpenJDK Runtime Environment (7.0_79-b14) (build 1.7.0_79-b14)
# Java VM: OpenJDK 64-Bit Server VM (24.79-b02 mixed mode linux-amd64 compressed oops)
Heap
 PSYoungGen      total 37376K, used 34444K [0x00000007d6a00000, 0x00000007db300000, 0x0000000800000000)
  eden space 32256K, 91% used [0x00000007d6a00000,0x00000007d86aa560,0x00000007d8980000)
  from space 5120K, 99% used [0x00000007d8980000,0x00000007d8e78ad8,0x00000007d8e80000)
  to   space 5120K, 0% used [0x00000007dae00000,0x00000007dae00000,0x00000007db300000)
 ParOldGen       total 84480K, used 12911K [0x0000000783e00000, 0x0000000789080000, 0x00000007d6a00000)
  object space 84480K, 15% used [0x0000000783e00000,0x0000000784a9be80,0x0000000789080000)
 PSPermGen       total 25600K, used 25539K [0x0000000779800000, 0x000000077b100000, 0x0000000783e00000)
  object space 25600K, 99% used [0x0000000779800000,0x000000077b0f0ca8,0x000000077b100000)
GC Heap History (6 events):
Event: 2,139 GC heap before
{Heap before GC invocations=1 (full 0):
 PSYoungGen      total 37376K, used 32256K [0x00000007d6a00000, 0x00000007d9380000, 0x0000000800000000)
  eden space 32256K, 100% used [0x00000007d6a00000,0x00000007d8980000,0x00000007d8980000)
  from space 5120K, 0% used [0x00000007d8e80000,0x00000007d8e80000,0x00000007d9380000)
  to   space 5120K, 0% used [0x00000007d8980000,0x00000007d8980000,0x00000007d8e80000)
 ParOldGen       total 84480K, used 0K [0x0000000783e00000, 0x0000000789080000, 0x00000007d6a00000)
  object space 84480K, 0% used [0x0000000783e00000,0x0000000783e00000,0x0000000789080000)
 PSPermGen       total 21504K, used 19808K [0x0000000779800000, 0x000000077ad00000, 0x0000000783e00000)
  object space 21504K, 92% used [0x0000000779800000,0x000000077ab58280,0x000000077ad00000)
Event: 2,154 GC heap after
Heap after GC invocations=1 (full 0):
 PSYoungGen      total 37376K, used 5110K [0x00000007d6a00000, 0x00000007d9380000, 0x0000000800000000)
  eden space 32256K, 0% used [0x00000007d6a00000,0x00000007d6a00000,0x00000007d8980000)
  from space 5120K, 99% used [0x00000007d8980000,0x00000007d8e7d870,0x00000007d8e80000)
  to   space 5120K, 0% used [0x00000007d8e80000,0x00000007d8e80000,0x00000007d9380000)
 ParOldGen       total 84480K, used 3056K [0x0000000783e00000, 0x0000000789080000, 0x00000007d6a00000)
  object space 84480K, 3% used [0x0000000783e00000,0x00000007840fc260,0x0000000789080000)
 PSPermGen       total 21504K, used 19808K [0x0000000779800000, 0x000000077ad00000, 0x0000000783e00000)
  object space 21504K, 92% used [0x0000000779800000,0x000000077ab58280,0x000000077ad00000)
}
Event: 2,710 GC heap before
{Heap before GC invocations=2 (full 0):
 PSYoungGen      total 37376K, used 37366K [0x00000007d6a00000, 0x00000007d9380000, 0x0000000800000000)
  eden space 32256K, 100% used [0x00000007d6a00000,0x00000007d8980000,0x00000007d8980000)
  from space 5120K, 99% used [0x00000007d8980000,0x00000007d8e7d870,0x00000007d8e80000)
  to   space 5120K, 0% used [0x00000007d8e80000,0x00000007d8e80000,0x00000007d9380000)
 ParOldGen       total 84480K, used 3056K [0x0000000783e00000, 0x0000000789080000, 0x00000007d6a00000)
  object space 84480K, 3% used [0x0000000783e00000,0x00000007840fc260,0x0000000789080000)
 PSPermGen       total 24064K, used 24019K [0x0000000779800000, 0x000000077af80000, 0x0000000783e00000)
  object space 24064K, 99% used [0x0000000779800000,0x000000077af74c68,0x000000077af80000)
Event: 2,717 GC heap after
Heap after GC invocations=2 (full 0):
 PSYoungGen      total 37376K, used 5106K [0x00000007d6a00000, 0x00000007db300000, 0x0000000800000000)
  eden space 32256K, 0% used [0x00000007d6a00000,0x00000007d6a00000,0x00000007d8980000)
  from space 5120K, 99% used [0x00000007d8e80000,0x00000007d937ca90,0x00000007d9380000)
  to   space 5120K, 0% used [0x00000007d8980000,0x00000007d8980000,0x00000007d8e80000)
 ParOldGen       total 84480K, used 9123K [0x0000000783e00000, 0x0000000789080000, 0x00000007d6a00000)
  object space 84480K, 10% used [0x0000000783e00000,0x00000007846e8dc8,0x0000000789080000)
 PSPermGen       total 24064K, used 24019K [0x0000000779800000, 0x000000077af80000, 0x0000000783e00000)
  object space 24064K, 99% used [0x0000000779800000,0x000000077af74c68,0x000000077af80000)
}
Event: 2,908 GC heap before
{Heap before GC invocations=3 (full 0):
 PSYoungGen      total 37376K, used 37362K [0x00000007d6a00000, 0x00000007db300000, 0x0000000800000000)
  eden space 32256K, 100% used [0x00000007d6a00000,0x00000007d8980000,0x00000007d8980000)
  from space 5120K, 99% used [0x00000007d8e80000,0x00000007d937ca90,0x00000007d9380000)
  to   space 5120K, 0% used [0x00000007d8980000,0x00000007d8980000,0x00000007d8e80000)
 ParOldGen       total 84480K, used 9123K [0x0000000783e00000, 0x0000000789080000, 0x00000007d6a00000)
  object space 84480K, 10% used [0x0000000783e00000,0x00000007846e8dc8,0x0000000789080000)
 PSPermGen       total 24576K, used 24461K [0x0000000779800000, 0x000000077b000000, 0x0000000783e00000)
  object space 24576K, 99% used [0x0000000779800000,0x000000077afe36c8,0x000000077b000000)
Event: 2,916 GC heap after
Heap after GC invocations=3 (full 0):
 PSYoungGen      total 37376K, used 5090K [0x00000007d6a00000, 0x00000007db300000, 0x0000000800000000)
  eden space 32256K, 0% used [0x00000007d6a00000,0x00000007d6a00000,0x00000007d8980000)
  from space 5120K, 99% used [0x00000007d8980000,0x00000007d8e78ad8,0x00000007d8e80000)
  to   space 5120K, 0% used [0x00000007dae00000,0x00000007dae00000,0x00000007db300000)
 ParOldGen       total 84480K, used 12911K [0x0000000783e00000, 0x0000000789080000, 0x00000007d6a00000)
  object space 84480K, 15% used [0x0000000783e00000,0x0000000784a9be80,0x0000000789080000)
 PSPermGen       total 24576K, used 24461K [0x0000000779800000, 0x000000077b000000, 0x0000000783e00000)
  object space 24576K, 99% used [0x0000000779800000,0x000000077afe36c8,0x000000077b000000)
}

