# JRE version: OpenJDK Runtime Environment (7.0_79-b14) (build 1.7.0_79-b14)
# Java VM: OpenJDK 64-Bit Server VM (24.79-b02 mixed mode linux-amd64 compressed oops)
Heap
 PSYoungGen      total 37376K, used 24991K [0x00000007d6a00000, 0x00000007db300000, 0x0000000800000000)
  eden space 32256K, 61% used [0x00000007d6a00000,0x00000007d7d68380,0x00000007d8980000)
  from space 5120K, 99% used [0x00000007dae00000,0x00000007db2ff928,0x00000007db300000)
  to   space 5120K, 0% used [0x00000007d8980000,0x00000007d8980000,0x00000007d8e80000)
 ParOldGen       total 84480K, used 13371K [0x0000000783e00000, 0x0000000789080000, 0x00000007d6a00000)
  object space 84480K, 15% used [0x0000000783e00000,0x0000000784b0ef90,0x0000000789080000)
 PSPermGen       total 26112K, used 25974K [0x0000000779800000, 0x000000077b180000, 0x0000000783e00000)
  object space 26112K, 99% used [0x0000000779800000,0x000000077b15dac8,0x000000077b180000)
GC Heap History (8 events):
Event: 2,201 GC heap before
{Heap before GC invocations=1 (full 0):
 PSYoungGen      total 37376K, used 32256K [0x00000007d6a00000, 0x00000007d9380000, 0x0000000800000000)
  eden space 32256K, 100% used [0x00000007d6a00000,0x00000007d8980000,0x00000007d8980000)
  from space 5120K, 0% used [0x00000007d8e80000,0x00000007d8e80000,0x00000007d9380000)
  to   space 5120K, 0% used [0x00000007d8980000,0x00000007d8980000,0x00000007d8e80000)
 ParOldGen       total 84480K, used 0K [0x0000000783e00000, 0x0000000789080000, 0x00000007d6a00000)
  object space 84480K, 0% used [0x0000000783e00000,0x0000000783e00000,0x0000000789080000)
 PSPermGen       total 21504K, used 20069K [0x0000000779800000, 0x000000077ad00000, 0x0000000783e00000)
  object space 21504K, 93% used [0x0000000779800000,0x000000077ab99500,0x000000077ad00000)
Event: 2,222 GC heap after
Heap after GC invocations=1 (full 0):
 PSYoungGen      total 37376K, used 5094K [0x00000007d6a00000, 0x00000007d9380000, 0x0000000800000000)
  eden space 32256K, 0% used [0x00000007d6a00000,0x00000007d6a00000,0x00000007d8980000)
  from space 5120K, 99% used [0x00000007d8980000,0x00000007d8e79bd0,0x00000007d8e80000)
  to   space 5120K, 0% used [0x00000007d8e80000,0x00000007d8e80000,0x00000007d9380000)
 ParOldGen       total 84480K, used 3133K [0x0000000783e00000, 0x0000000789080000, 0x00000007d6a00000)
  object space 84480K, 3% used [0x0000000783e00000,0x000000078410f4c0,0x0000000789080000)
 PSPermGen       total 21504K, used 20069K [0x0000000779800000, 0x000000077ad00000, 0x0000000783e00000)
  object space 21504K, 93% used [0x0000000779800000,0x000000077ab99500,0x000000077ad00000)
}
Event: 2,892 GC heap before
{Heap before GC invocations=2 (full 0):
 PSYoungGen      total 37376K, used 37350K [0x00000007d6a00000, 0x00000007d9380000, 0x0000000800000000)
  eden space 32256K, 100% used [0x00000007d6a00000,0x00000007d8980000,0x00000007d8980000)
  from space 5120K, 99% used [0x00000007d8980000,0x00000007d8e79bd0,0x00000007d8e80000)
  to   space 5120K, 0% used [0x00000007d8e80000,0x00000007d8e80000,0x00000007d9380000)
 ParOldGen       total 84480K, used 3133K [0x0000000783e00000, 0x0000000789080000, 0x00000007d6a00000)
  object space 84480K, 3% used [0x0000000783e00000,0x000000078410f4c0,0x0000000789080000)
 PSPermGen       total 24064K, used 23972K [0x0000000779800000, 0x000000077af80000, 0x0000000783e00000)
  object space 24064K, 99% used [0x0000000779800000,0x000000077af69080,0x000000077af80000)
Event: 2,899 GC heap after
Heap after GC invocations=2 (full 0):
 PSYoungGen      total 37376K, used 5117K [0x00000007d6a00000, 0x00000007d9380000, 0x0000000800000000)
  eden space 32256K, 0% used [0x00000007d6a00000,0x00000007d6a00000,0x00000007d8980000)
  from space 5120K, 99% used [0x00000007d8e80000,0x00000007d937f578,0x00000007d9380000)
  to   space 5120K, 0% used [0x00000007d8980000,0x00000007d8980000,0x00000007d8e80000)
 ParOldGen       total 84480K, used 11393K [0x0000000783e00000, 0x0000000789080000, 0x00000007d6a00000)
  object space 84480K, 13% used [0x0000000783e00000,0x00000007849207c0,0x0000000789080000)
 PSPermGen       total 24064K, used 23972K [0x0000000779800000, 0x000000077af80000, 0x0000000783e00000)
  object space 24064K, 99% used [0x0000000779800000,0x000000077af69080,0x000000077af80000)
}
Event: 3,270 GC heap before
{Heap before GC invocations=3 (full 0):
 PSYoungGen      total 37376K, used 37115K [0x00000007d6a00000, 0x00000007d9380000, 0x0000000800000000)
  eden space 32256K, 99% used [0x00000007d6a00000,0x00000007d893f7e8,0x00000007d8980000)
  from space 5120K, 99% used [0x00000007d8e80000,0x00000007d937f578,0x00000007d9380000)
  to   space 5120K, 0% used [0x00000007d8980000,0x00000007d8980000,0x00000007d8e80000)
 ParOldGen       total 84480K, used 11393K [0x0000000783e00000, 0x0000000789080000, 0x00000007d6a00000)
  object space 84480K, 13% used [0x0000000783e00000,0x00000007849207c0,0x0000000789080000)
 PSPermGen       total 25088K, used 24935K [0x0000000779800000, 0x000000077b080000, 0x0000000783e00000)
  object space 25088K, 99% used [0x0000000779800000,0x000000077b059ca8,0x000000077b080000)
Event: 3,275 GC heap after
Heap after GC invocations=3 (full 0):
 PSYoungGen      total 37376K, used 5112K [0x00000007d6a00000, 0x00000007db300000, 0x0000000800000000)
  eden space 32256K, 0% used [0x00000007d6a00000,0x00000007d6a00000,0x00000007d8980000)
  from space 5120K, 99% used [0x00000007d8980000,0x00000007d8e7e330,0x00000007d8e80000)
  to   space 5120K, 0% used [0x00000007dae00000,0x00000007dae00000,0x00000007db300000)
 ParOldGen       total 84480K, used 12041K [0x0000000783e00000, 0x0000000789080000, 0x00000007d6a00000)
  object space 84480K, 14% used [0x0000000783e00000,0x00000007849c2598,0x0000000789080000)
 PSPermGen       total 25088K, used 24935K [0x0000000779800000, 0x000000077b080000, 0x0000000783e00000)
  object space 25088K, 99% used [0x0000000779800000,0x000000077b059ca8,0x000000077b080000)
}
Event: 6,013 GC heap before
{Heap before GC invocations=4 (full 0):
 PSYoungGen      total 37376K, used 37368K [0x00000007d6a00000, 0x00000007db300000, 0x0000000800000000)
  eden space 32256K, 100% used [0x00000007d6a00000,0x00000007d8980000,0x00000007d8980000)
  from space 5120K, 99% used [0x00000007d8980000,0x00000007d8e7e330,0x00000007d8e80000)
  to   space 5120K, 0% used [0x00000007dae00000,0x00000007dae00000,0x00000007db300000)
 ParOldGen       total 84480K, used 12041K [0x0000000783e00000, 0x0000000789080000, 0x00000007d6a00000)
  object space 84480K, 14% used [0x0000000783e00000,0x00000007849c2598,0x0000000789080000)
 PSPermGen       total 25600K, used 25316K [0x0000000779800000, 0x000000077b100000, 0x0000000783e00000)
  object space 25600K, 98% used [0x0000000779800000,0x000000077b0b91f8,0x000000077b100000)
Event: 6,018 GC heap after
Heap after GC invocations=4 (full 0):
 PSYoungGen      total 37376K, used 5118K [0x00000007d6a00000, 0x00000007db300000, 0x0000000800000000)
  eden space 32256K, 0% used [0x00000007d6a00000,0x00000007d6a00000,0x00000007d8980000)
  from space 5120K, 99% used [0x00000007dae00000,0x00000007db2ff928,0x00000007db300000)
  to   space 5120K, 0% used [0x00000007d8980000,0x00000007d8980000,0x00000007d8e80000)
 ParOldGen       total 84480K, used 13371K [0x0000000783e00000, 0x0000000789080000, 0x00000007d6a00000)
  object space 84480K, 15% used [0x0000000783e00000,0x0000000784b0ef90,0x0000000789080000)
 PSPermGen       total 25600K, used 25316K [0x0000000779800000, 0x000000077b100000, 0x0000000783e00000)
  object space 25600K, 98% used [0x0000000779800000,0x000000077b0b91f8,0x000000077b100000)
}

